# JRE version: OpenJDK Runtime Environment (8.0_91-b14) (build 1.8.0_91-3-ojdkbuild-b14)
# Java VM: OpenJDK 64-Bit Server VM (25.91-b14 mixed mode windows-amd64 compressed oops)
Heap:
 PSYoungGen      total 103424K, used 44124K [0x000000076dd80000, 0x0000000777e00000, 0x00000007c0000000)
  eden space 91648K, 48% used [0x000000076dd80000,0x0000000770897010,0x0000000773700000)
  from space 11776K, 0% used [0x0000000773700000,0x0000000773700000,0x0000000774280000)
  to   space 15360K, 0% used [0x0000000776f00000,0x0000000776f00000,0x0000000777e00000)
 ParOldGen       total 177664K, used 20315K [0x00000006c9800000, 0x00000006d4580000, 0x000000076dd80000)
  object space 177664K, 11% used [0x00000006c9800000,0x00000006cabd6d40,0x00000006d4580000)
 Metaspace       used 34121K, capacity 35684K, committed 35928K, reserved 1081344K
  class space    used 4319K, capacity 4646K, committed 4696K, reserved 1048576K
GC Heap History (10 events):
Event: 7.342 GC heap before
{Heap before GC invocations=5 (full 1):
 PSYoungGen      total 74240K, used 63986K [0x000000076dd80000, 0x0000000773000000, 0x00000007c0000000)
  eden space 64000K, 99% used [0x000000076dd80000,0x0000000771bfc9a0,0x0000000771c00000)
  from space 10240K, 0% used [0x0000000771c00000,0x0000000771c00000,0x0000000772600000)
  to   space 10240K, 0% used [0x0000000772600000,0x0000000772600000,0x0000000773000000)
 ParOldGen       total 108544K, used 9985K [0x00000006c9800000, 0x00000006d0200000, 0x000000076dd80000)
  object space 108544K, 9% used [0x00000006c9800000,0x00000006ca1c06e8,0x00000006d0200000)
 Metaspace       used 23478K, capacity 24208K, committed 24448K, reserved 1071104K
  class space    used 2913K, capacity 3085K, committed 3200K, reserved 1048576K
Event: 7.346 GC heap after
Heap after GC invocations=5 (full 1):
 PSYoungGen      total 74240K, used 4948K [0x000000076dd80000, 0x0000000774c00000, 0x00000007c0000000)
  eden space 64000K, 0% used [0x000000076dd80000,0x000000076dd80000,0x0000000771c00000)
  from space 10240K, 48% used [0x0000000772600000,0x0000000772ad5258,0x0000000773000000)
  to   space 10240K, 0% used [0x0000000771c00000,0x0000000771c00000,0x0000000772600000)
 ParOldGen       total 108544K, used 9993K [0x00000006c9800000, 0x00000006d0200000, 0x000000076dd80000)
  object space 108544K, 9% used [0x00000006c9800000,0x00000006ca1c26e8,0x00000006d0200000)
 Metaspace       used 23478K, capacity 24208K, committed 24448K, reserved 1071104K
  class space    used 2913K, capacity 3085K, committed 3200K, reserved 1048576K
}
Event: 8.518 GC heap before
{Heap before GC invocations=6 (full 1):
 PSYoungGen      total 74240K, used 68948K [0x000000076dd80000, 0x0000000774c00000, 0x00000007c0000000)
  eden space 64000K, 100% used [0x000000076dd80000,0x0000000771c00000,0x0000000771c00000)
  from space 10240K, 48% used [0x0000000772600000,0x0000000772ad5258,0x0000000773000000)
  to   space 10240K, 0% used [0x0000000771c00000,0x0000000771c00000,0x0000000772600000)
 ParOldGen       total 108544K, used 9993K [0x00000006c9800000, 0x00000006d0200000, 0x000000076dd80000)
  object space 108544K, 9% used [0x00000006c9800000,0x00000006ca1c26e8,0x00000006d0200000)
 Metaspace       used 24809K, capacity 25540K, committed 25856K, reserved 1071104K
  class space    used 3078K, capacity 3253K, committed 3328K, reserved 1048576K
Event: 8.524 GC heap after
Heap after GC invocations=6 (full 1):
 PSYoungGen      total 74240K, used 6300K [0x000000076dd80000, 0x0000000774d00000, 0x00000007c0000000)
  eden space 64000K, 0% used [0x000000076dd80000,0x000000076dd80000,0x0000000771c00000)
  from space 10240K, 61% used [0x0000000771c00000,0x00000007722271f8,0x0000000772600000)
  to   space 10752K, 0% used [0x0000000774280000,0x0000000774280000,0x0000000774d00000)
 ParOldGen       total 108544K, used 10001K [0x00000006c9800000, 0x00000006d0200000, 0x000000076dd80000)
  object space 108544K, 9% used [0x00000006c9800000,0x00000006ca1c46e8,0x00000006d0200000)
 Metaspace       used 24809K, capacity 25540K, committed 25856K, reserved 1071104K
  class space    used 3078K, capacity 3253K, committed 3328K, reserved 1048576K
}
Event: 10.113 GC heap before
{Heap before GC invocations=7 (full 1):
 PSYoungGen      total 74240K, used 70300K [0x000000076dd80000, 0x0000000774d00000, 0x00000007c0000000)
  eden space 64000K, 100% used [0x000000076dd80000,0x0000000771c00000,0x0000000771c00000)
  from space 10240K, 61% used [0x0000000771c00000,0x00000007722271f8,0x0000000772600000)
  to   space 10752K, 0% used [0x0000000774280000,0x0000000774280000,0x0000000774d00000)
 ParOldGen       total 108544K, used 10001K [0x00000006c9800000, 0x00000006d0200000, 0x000000076dd80000)
  object space 108544K, 9% used [0x00000006c9800000,0x00000006ca1c46e8,0x00000006d0200000)
 Metaspace       used 28530K, capacity 29528K, committed 29824K, reserved 1075200K
  class space    used 3597K, capacity 3846K, committed 3968K, reserved 1048576K
Event: 10.128 GC heap after
Heap after GC invocations=7 (full 1):
 PSYoungGen      total 102400K, used 9952K [0x000000076dd80000, 0x0000000775280000, 0x00000007c0000000)
  eden space 91648K, 0% used [0x000000076dd80000,0x000000076dd80000,0x0000000773700000)
  from space 10752K, 92% used [0x0000000774280000,0x0000000774c38260,0x0000000774d00000)
  to   space 11776K, 0% used [0x0000000773700000,0x0000000773700000,0x0000000774280000)
 ParOldGen       total 108544K, used 10009K [0x00000006c9800000, 0x00000006d0200000, 0x000000076dd80000)
  object space 108544K, 9% used [0x00000006c9800000,0x00000006ca1c66e8,0x00000006d0200000)
 Metaspace       used 28530K, capacity 29528K, committed 29824K, reserved 1075200K
  class space    used 3597K, capacity 3846K, committed 3968K, reserved 1048576K
}
Event: 15.814 GC heap before
{Heap before GC invocations=8 (full 1):
 PSYoungGen      total 102400K, used 71603K [0x000000076dd80000, 0x0000000775280000, 0x00000007c0000000)
  eden space 91648K, 67% used [0x000000076dd80000,0x00000007719b4ad0,0x0000000773700000)
  from space 10752K, 92% used [0x0000000774280000,0x0000000774c38260,0x0000000774d00000)
  to   space 11776K, 0% used [0x0000000773700000,0x0000000773700000,0x0000000774280000)
 ParOldGen       total 108544K, used 10009K [0x00000006c9800000, 0x00000006d0200000, 0x000000076dd80000)
  object space 108544K, 9% used [0x00000006c9800000,0x00000006ca1c66e8,0x00000006d0200000)
 Metaspace       used 33759K, capacity 35250K, committed 35416K, reserved 1079296K
  class space    used 4288K, capacity 4611K, committed 4696K, reserved 1048576K
Event: 15.827 GC heap after
Heap after GC invocations=8 (full 1):
 PSYoungGen      total 103424K, used 11766K [0x000000076dd80000, 0x0000000777e00000, 0x00000007c0000000)
  eden space 91648K, 0% used [0x000000076dd80000,0x000000076dd80000,0x0000000773700000)
  from space 11776K, 99% used [0x0000000773700000,0x000000077427da08,0x0000000774280000)
  to   space 15360K, 0% used [0x0000000776f00000,0x0000000776f00000,0x0000000777e00000)
 ParOldGen       total 108544K, used 14095K [0x00000006c9800000, 0x00000006d0200000, 0x000000076dd80000)
  object space 108544K, 12% used [0x00000006c9800000,0x00000006ca5c3e88,0x00000006d0200000)
 Metaspace       used 33759K, capacity 35250K, committed 35416K, reserved 1079296K
  class space    used 4288K, capacity 4611K, committed 4696K, reserved 1048576K
}
Event: 15.827 GC heap before
{Heap before GC invocations=9 (full 2):
 PSYoungGen      total 103424K, used 11766K [0x000000076dd80000, 0x0000000777e00000, 0x00000007c0000000)
  eden space 91648K, 0% used [0x000000076dd80000,0x000000076dd80000,0x0000000773700000)
  from space 11776K, 99% used [0x0000000773700000,0x000000077427da08,0x0000000774280000)
  to   space 15360K, 0% used [0x0000000776f00000,0x0000000776f00000,0x0000000777e00000)
 ParOldGen       total 108544K, used 14095K [0x00000006c9800000, 0x00000006d0200000, 0x000000076dd80000)
  object space 108544K, 12% used [0x00000006c9800000,0x00000006ca5c3e88,0x00000006d0200000)
 Metaspace       used 33759K, capacity 35250K, committed 35416K, reserved 1079296K
  class space    used 4288K, capacity 4611K, committed 4696K, reserved 1048576K
Event: 15.902 GC heap after
Heap after GC invocations=9 (full 2):
 PSYoungGen      total 103424K, used 0K [0x000000076dd80000, 0x0000000777e00000, 0x00000007c0000000)
  eden space 91648K, 0% used [0x000000076dd80000,0x000000076dd80000,0x0000000773700000)
  from space 11776K, 0% used [0x0000000773700000,0x0000000773700000,0x0000000774280000)
  to   space 15360K, 0% used [0x0000000776f00000,0x0000000776f00000,0x0000000777e00000)
 ParOldGen       total 177664K, used 20315K [0x00000006c9800000, 0x00000006d4580000, 0x000000076dd80000)
  object space 177664K, 11% used [0x00000006c9800000,0x00000006cabd6d40,0x00000006d4580000)
 Metaspace       used 33759K, capacity 35250K, committed 35416K, reserved 1079296K
  class space    used 4288K, capacity 4611K, committed 4696K, reserved 1048576K
}

